<?xml version="1.0" encoding="UTF-8"?>
<!-- Generated by org.testng.reporters.JUnitReportReporter -->
<testsuite hostname="hp-PC" failures="0" tests="1" name="com.bdd.runner.TestRunner" time="1.275" errors="0" timestamp="2021-06-24T12:04:03 IST" skipped="0">
  <testcase classname="com.bdd.runner.TestRunner" name="runScenario" time="1.275"/>
  <system-out/>
</testsuite> <!-- com.bdd.runner.TestRunner -->
